# JRE version: Java(TM) SE Runtime Environment (23.0.2+7) (build 23.0.2+7-58)
# Java VM: Java HotSpot(TM) 64-Bit Server VM (23.0.2+7-58, mixed mode, sharing, tiered, compressed oops, compressed class ptrs, g1 gc, windows-amd64)
GC Precious Log:
 CardTable entry size: 512
 Card Set container configuration: InlinePtr #cards 5 size 8 Array Of Cards #cards 10 size 36 Howl #buckets 4 coarsen threshold 1843 Howl Bitmap #cards 512 size 80 coarsen threshold 460 Card regions per heap region 1 cards per card region 2048
 CPUs: 4 total, 4 available
 Memory: 8073M
 Large Page Support: Disabled
 NUMA Support: Disabled
 Compressed Oops: Enabled (32-bit)
 Heap Region Size: 1M
 Heap Min Capacity: 8M
 Heap Initial Capacity: 128M
 Heap Max Capacity: 2G
 Pre-touch: Disabled
 Parallel Workers: 4
 Concurrent Workers: 1
 Concurrent Refinement Workers: 4
 Periodic GC: Disabled
Heap:
 garbage-first heap   total reserved 2097152K, committed 396288K, used 223650K [0x0000000080000000, 0x0000000100000000)
  region size 1024K, 13 young (13312K), 13 survivors (13312K)
 Metaspace       used 157150K, committed 159744K, reserved 1245184K
  class space    used 20988K, committed 22208K, reserved 1048576K
GC Heap History (20 events):
Event: 38.446 GC heap after
{Heap after GC invocations=48 (full 0):
 garbage-first heap   total reserved 2097152K, committed 320512K, used 163223K [0x0000000080000000, 0x0000000100000000)
  region size 1024K, 6 young (6144K), 6 survivors (6144K)
 Metaspace       used 127405K, committed 129792K, reserved 1179648K
  class space    used 16968K, committed 18112K, reserved 1048576K
}
Event: 41.938 GC heap before
{Heap before GC invocations=49 (full 0):
 garbage-first heap   total reserved 2097152K, committed 320512K, used 268695K [0x0000000080000000, 0x0000000100000000)
  region size 1024K, 109 young (111616K), 6 survivors (6144K)
 Metaspace       used 135508K, committed 137984K, reserved 1179648K
  class space    used 18320K, committed 19520K, reserved 1048576K
}
Event: 41.963 GC heap after
{Heap after GC invocations=50 (full 0):
 garbage-first heap   total reserved 2097152K, committed 320512K, used 160768K [0x0000000080000000, 0x0000000100000000)
  region size 1024K, 10 young (10240K), 10 survivors (10240K)
 Metaspace       used 135508K, committed 137984K, reserved 1179648K
  class space    used 18320K, committed 19520K, reserved 1048576K
}
Event: 44.148 GC heap before
{Heap before GC invocations=50 (full 0):
 garbage-first heap   total reserved 2097152K, committed 320512K, used 264192K [0x0000000080000000, 0x0000000100000000)
  region size 1024K, 111 young (113664K), 10 survivors (10240K)
 Metaspace       used 142419K, committed 144960K, reserved 1179648K
  class space    used 19324K, committed 20544K, reserved 1048576K
}
Event: 44.199 GC heap after
{Heap after GC invocations=51 (full 0):
 garbage-first heap   total reserved 2097152K, committed 320512K, used 164459K [0x0000000080000000, 0x0000000100000000)
  region size 1024K, 12 young (12288K), 12 survivors (12288K)
 Metaspace       used 142419K, committed 144960K, reserved 1179648K
  class space    used 19324K, committed 20544K, reserved 1048576K
}
Event: 49.473 GC heap before
{Heap before GC invocations=51 (full 0):
 garbage-first heap   total reserved 2097152K, committed 320512K, used 270955K [0x0000000080000000, 0x0000000100000000)
  region size 1024K, 117 young (119808K), 12 survivors (12288K)
 Metaspace       used 152795K, committed 155328K, reserved 1245184K
  class space    used 20700K, committed 21952K, reserved 1048576K
}
Event: 49.529 GC heap after
{Heap after GC invocations=52 (full 0):
 garbage-first heap   total reserved 2097152K, committed 320512K, used 175104K [0x0000000080000000, 0x0000000100000000)
  region size 1024K, 15 young (15360K), 15 survivors (15360K)
 Metaspace       used 152795K, committed 155328K, reserved 1245184K
  class space    used 20700K, committed 21952K, reserved 1048576K
}
Event: 644.102 GC heap before
{Heap before GC invocations=52 (full 0):
 garbage-first heap   total reserved 2097152K, committed 320512K, used 260096K [0x0000000080000000, 0x0000000100000000)
  region size 1024K, 100 young (102400K), 15 survivors (15360K)
 Metaspace       used 154277K, committed 156800K, reserved 1245184K
  class space    used 20828K, committed 22016K, reserved 1048576K
}
Event: 644.288 GC heap after
{Heap after GC invocations=53 (full 0):
 garbage-first heap   total reserved 2097152K, committed 320512K, used 185344K [0x0000000080000000, 0x0000000100000000)
  region size 1024K, 9 young (9216K), 9 survivors (9216K)
 Metaspace       used 154277K, committed 156800K, reserved 1245184K
  class space    used 20828K, committed 22016K, reserved 1048576K
}
Event: 646.463 GC heap before
{Heap before GC invocations=54 (full 0):
 garbage-first heap   total reserved 2097152K, committed 327680K, used 293888K [0x0000000080000000, 0x0000000100000000)
  region size 1024K, 105 young (107520K), 9 survivors (9216K)
 Metaspace       used 154646K, committed 157184K, reserved 1245184K
  class space    used 20848K, committed 22080K, reserved 1048576K
}
Event: 646.630 GC heap after
{Heap after GC invocations=55 (full 0):
 garbage-first heap   total reserved 2097152K, committed 331776K, used 216576K [0x0000000080000000, 0x0000000100000000)
  region size 1024K, 14 young (14336K), 14 survivors (14336K)
 Metaspace       used 154646K, committed 157184K, reserved 1245184K
  class space    used 20848K, committed 22080K, reserved 1048576K
}
Event: 648.010 GC heap before
{Heap before GC invocations=55 (full 0):
 garbage-first heap   total reserved 2097152K, committed 331776K, used 301568K [0x0000000080000000, 0x0000000100000000)
  region size 1024K, 89 young (91136K), 14 survivors (14336K)
 Metaspace       used 154797K, committed 157376K, reserved 1245184K
  class space    used 20849K, committed 22080K, reserved 1048576K
}
Event: 648.057 GC heap after
{Heap after GC invocations=56 (full 0):
 garbage-first heap   total reserved 2097152K, committed 331776K, used 236032K [0x0000000080000000, 0x0000000100000000)
  region size 1024K, 11 young (11264K), 11 survivors (11264K)
 Metaspace       used 154797K, committed 157376K, reserved 1245184K
  class space    used 20849K, committed 22080K, reserved 1048576K
}
Event: 650.630 GC heap before
{Heap before GC invocations=56 (full 0):
 garbage-first heap   total reserved 2097152K, committed 331776K, used 301568K [0x0000000080000000, 0x0000000100000000)
  region size 1024K, 75 young (76800K), 11 survivors (11264K)
 Metaspace       used 155524K, committed 158080K, reserved 1245184K
  class space    used 20850K, committed 22080K, reserved 1048576K
}
Event: 650.765 GC heap after
{Heap after GC invocations=57 (full 0):
 garbage-first heap   total reserved 2097152K, committed 331776K, used 241152K [0x0000000080000000, 0x0000000100000000)
  region size 1024K, 10 young (10240K), 10 survivors (10240K)
 Metaspace       used 155524K, committed 158080K, reserved 1245184K
  class space    used 20850K, committed 22080K, reserved 1048576K
}
Event: 654.123 GC heap before
{Heap before GC invocations=57 (full 0):
 garbage-first heap   total reserved 2097152K, committed 331776K, used 303616K [0x0000000080000000, 0x0000000100000000)
  region size 1024K, 71 young (72704K), 10 survivors (10240K)
 Metaspace       used 156296K, committed 158848K, reserved 1245184K
  class space    used 20915K, committed 22144K, reserved 1048576K
}
Event: 654.166 GC heap after
{Heap after GC invocations=58 (full 0):
 garbage-first heap   total reserved 2097152K, committed 331776K, used 243200K [0x0000000080000000, 0x0000000100000000)
  region size 1024K, 9 young (9216K), 9 survivors (9216K)
 Metaspace       used 156296K, committed 158848K, reserved 1245184K
  class space    used 20915K, committed 22144K, reserved 1048576K
}
Event: 655.698 GC heap before
{Heap before GC invocations=59 (full 0):
 garbage-first heap   total reserved 2097152K, committed 396288K, used 294400K [0x0000000080000000, 0x0000000100000000)
  region size 1024K, 66 young (67584K), 9 survivors (9216K)
 Metaspace       used 156582K, committed 159168K, reserved 1245184K
  class space    used 20941K, committed 22144K, reserved 1048576K
}
Event: 655.743 GC heap after
{Heap after GC invocations=60 (full 0):
 garbage-first heap   total reserved 2097152K, committed 396288K, used 242635K [0x0000000080000000, 0x0000000100000000)
  region size 1024K, 6 young (6144K), 6 survivors (6144K)
 Metaspace       used 156582K, committed 159168K, reserved 1245184K
  class space    used 20941K, committed 22144K, reserved 1048576K
}
Event: 659.523 GC heap before
{Heap before GC invocations=60 (full 0):
 garbage-first heap   total reserved 2097152K, committed 396288K, used 352203K [0x0000000080000000, 0x0000000100000000)
  region size 1024K, 113 young (115712K), 6 survivors (6144K)
 Metaspace       used 157150K, committed 159744K, reserved 1245184K
  class space    used 20988K, committed 22208K, reserved 1048576K
}

